Ballabh Agencies&&&07552745849
Bharat Pharma&&&07552533583
Rohit Pharma&&&07552543860
Heram Pharma&&&07554205552
Lotus Pharma&&&07554256182
Megha Medical&&&07552536751
Jain Brothers&&&07552545763
Naresh Medicals&&&07554287935
Mahavir Agencies&&&07554254964
Krishna Medical Agency&&&07554092975
Aegis Life Science &&&0755
Growsam Pharma&&&9425148230
Awantika Dist.&&&9329438808
Asha Medico&&&07552745687
Sai Ram Agencies&&&07554271101
Raj Distributors&&&07554259770
Chaudhary Medical Agencies&&&07552745956
Drug House&&&07552745647
Gogia Surgicals &&&07554257522
Sanmati Pharma&&&07552748478
Popular Agencies&&&07554259966
Pathak Medical Agencies&&&07554246919
Tillu Pharma &&&07554289148
Sethi Sons&&&07552534011
Amit Pharma&&&07552534932
SS Medical Agencies&&&07554287156
Sant Medical Agencies&&&07554257488
Adarsh Pharma&&&07554005642
Naval Medical Agency&&&07554233629
Ansh Traders&&&07554299181
Hindustan Medical Agencies&&&07554283350
Patel Medical Agencies&&&07552533461
Modi Sons&&&07554292221
Modi Pharma&&&07552739812
Jalaram Medical Agencies&&&07554259175
Capital Medical Agencies&&&07552533874
New Varsha Medical Agencies&&&07554258170
Vijay Medical Store&&&07554236868
Shiva Sales Agencies&&&07552745856
Shreem Pharma&&&0755
Himesh Enterprises&&&07554258523
Goyal Sons&&&07554253297
Jalpa Medical Agencies&&&07375245999
Shyam Medical Agencies&&&0755
Chouhan Medical Agencies&&&07554254324
Service Medical &&&07552536369
A K Pharma&&&07554259218
Seema Medicals &&&07554256210
Pathak Brothers and Company&&&0755462001
Pratap Pharma&&&07552745495
Madan Medico&&&07554245241
Balraj Medical Agencies&&&07554243314
Ambika Medical Agencies&&&07554258774
Gurudev Traders&&&07554287848
Kamal Agencies&&&07552536288
Goodwill Enterprises &&&490
Pratik Medical Agencies&&&07554244719
Medicine and Medicine&&&07552533770
Valecha Enterprises&&&07554259772
Vallabh Bhopal&&&07554258855
Bhopal Medical Agencies&&&07554202178
Ajay Pharma&&&07552679235
Janki Pharma&&&07554255436
Nanda Traders&&&07554254734
Avantika Pharma&&&12345
