Neogadine Elixir 300ml&&&Syrups&&&Raptakor Co. Ltd
Lymin 200ml &&&Syrups&&&Aegis Life Sciences
Calcimax 200ml&&&Syrups&&&Meyer Vitabiotics
B B 24 150ml&&&Syrups&&&Cipla
Sorbikind T 200ml&&&Syrups&&&Discovery Mankind
Rical 200ml&&&Syrups&&&Merril
Caladd 200ml&&&Syrups&&&Theta Labs Ltd
Aloevera Juice 500ml&&&Syrups&&&Vyas
A to  Z 100ml&&&Syrups&&&Alkem
Becano EZ 200ml&&&Syrups&&&Bestochem
Ferose 150ml&&&Syrups&&&Cosme
Upbeat 200ml&&&Syrups&&&Abbott
Sab Zyme 200ml&&&Syrups&&&Growsam Pharma
Emvit 110ml&&&Syrups&&&Universal Pharmaceuticals
Becosules 60ml&&&Syrups&&&Pfizer
Polybion L 250ml&&&Syrups&&&Merck
Fitonic 200ml&&&Syrups&&&Femident
Polybion SF 100ml&&&Syrups&&&Merck
Cosome A 100ml&&&Syrups&&&Merck
Hystalin 100ml&&&Syrups&&&FDS
Besto COF 100ml&&&Syrups&&&Bestochem
Cosome Expectorent 100ml &&&Syrups&&&Merck
Cosome Cough 100ml&&&Syrups&&&Merck
Reswas 120ml&&&Syrups&&&Dr Reddys Laboratory
Grilinctus BM 100ml&&&Syrups&&&Wardex Pharma
Ambrodil S 100ml&&&Syrups&&&Aristo Pharmaceuticals
Ambrodil 100ml&&&Syrups&&&Aristo Pharmaceuticals
Dilosyn 100ml&&&Syrups&&&GSK
Himcocid 200ml&&&Syrups&&&Himalaya
Sucral O 100ml&&&Syrups&&&Strassenburg
Sucral 200ml&&&Syrups&&&Strassenburg
Rantac A C 170ml&&&Syrups&&&Femident
Smuth Laxative 110ml&&&Syrups&&&Aristo Pharmaceuticals
Softee Laxative 200ml&&&Syrups&&&Leo Life
Digene Gel 170ml&&&Syrups&&&Abbott
Ranidom 170ml&&&Syrups&&&Mankind Pharma
Liv 52 100ml&&&Syrups&&&Himalaya
Bonnisan Liquid 120ml&&&Syrups&&&Himalaya
Emquin Suspension 60ml&&&Syrups&&&Merck
Lumart Plus 30ml&&&Syrups&&&M C W Healthcare
Leoquin 60ml&&&Syrups&&&Leo Life
Dependal M 60ml&&&Syrups&&&GSK
Furoxone 60ml&&&Syrups&&&GSK
Metrogyl 30ml&&&Syrups&&&J B Chemicals 
Alerid 30ml&&&Syrups&&&Cipla
Mebex 30ml&&&Syrups&&&Cipla
Walamycin 30ml &&&Syrups&&&Wallace 
Ibugesic Plus 60ml&&&Syrups&&&Cipla
Nutrolin B 60ml&&&Syrups&&&Cipla
Fencita Plus 60ml&&&Syrups&&&Alkem
M Cid 30ml&&&Syrups&&&Group Pharma
Zenflox OZ 30ml&&&Syrups&&&Mankind Pharma
Bacigyl N 30ml&&&Syrups&&&Aristo Pharmaceuticals
Flora B C 60ml&&&Syrups&&&Discovery Mankind
Sumol 125 60ml&&&Syrups&&&Alkem
Meftal P 60ml&&&Syrups&&&Bluecross
Crocin 60ml&&&Syrups&&&GSK
T 98 60ml&&&Syrups&&&Mankind Pharma
Sumal D S 60ml&&&Syrups&&&Alkem
Evecare 200ml &&&Syrups&&&Himalaya
Amycordial 200ml &&&Syrups&&&Aimil
M2 Tone 200ml&&&Syrups&&&Charak
Urikind K 100ml&&&Syrups&&&Lifestar 
Cystone 100ml&&&Syrups&&&Himalaya
Neopeptine Liq 100ml&&&Syrups&&&Raptakose Brett & Co.
Laz 200mg 15ml&&&Syrups&&&GENX
Azimax 100mg 15ml&&&Syrups&&&Cipla
Hatric 3 60ml&&&Syrups&&&Aristo Pharmaceuticals
Wikoryl 60ml&&&Syrups&&&Alembic
Cifoprox 50mg 30ml&&&Syrups&&&Cipla
Clavam Bid 30ml&&&Syrups&&&Alkem
MPX CV 30ml&&&Syrups&&&Hetro Healthcare
Mexef 30ml&&&Syrups&&&Abbott
Omnatax O 30ml&&&Syrups&&&Abbott
Distaclor 125mg 30ml&&&Syrups&&&Invida 
Staphydex 125mg 30ml&&&Syrups&&&Sandoz
Odoxil 30ml&&&Syrups&&&Lupin
Zenflox 60ml&&&Syrups&&&Mankind Pharma
Novamox 125mg 30ml&&&Syrups&&&Cipla
Novamox 250mg 30ml&&&Syrups&&&Cipla
Tedykoff LX 60ml&&&Syrups&&&Discovery Mankind
Tedykoff  60ml&&&Syrups&&&Mankind Pharma
Coscopin P D 50ml&&&Syrups&&&BE
Domipen 30ml&&&Syrups&&&Morepan Lab
Grilinctus BM PD 30ml&&&Syrups&&&Wardex Pharma
Distaclor Drops 10ml&&&Drops&&&Invida 
Novamox Drops 10ml&&&Drops&&&Cipla
Hifen Drops 10ml&&&Drops&&&Hetro Healthcare
Phexin Drops 10ml&&&Drops&&&GSK
Gudcef Drops 10ml&&&Drops&&&Lifestar 
Moxikind CV Drops 10ml&&&Drops&&&Mankind Pharma
Domperon Drops 5ml&&&Drops&&&Cadilla
A to Z Drops 15ml&&&Drops&&&Alkem
Evion Drops 15ml&&&Drops&&&Merck
Reboot Drops 15ml&&&Drops&&&Abbott
Bonnispaz Drops 15ml &&&Drops&&&Himalaya
Gastica Drops 15ml&&&Drops&&&Mankind Pharma
Bonnisan Drops 30ml&&&Drops&&&Himalaya
T98 Drops 15ml&&&Drops&&&Mankind Pharma
Liv 52 Drops 60ml &&&Drops&&&Himalaya
Hovite RB Drops 15ml &&&Drops&&&Raptakose Brett & Co.
Neopeptine Drops 15ml&&&Drops&&&Raptakose Brett & Co.
Novamox Ready Use Drops 10ml&&&Drops&&&Cipla
Betnesol Drops 15ml&&&Drops&&&GSK
Mulmin Drops 15ml&&&Drops&&&Jugat Pharma 
Nesdex Drops 10ml &&&Drops&&&Austere Life Sciences
Kufril Drops 15ml&&&Drops&&&Medmanor Organic 
Colick Drops 15ml&&&Drops&&&Meditek
Calpol Drops 15ml &&&Drops&&&GSK
Glimestar M 1 Forte &&&Tablets&&&Discovery Mankind
Depin 5mg&&&Capsules&&&Zydus Cadilla
Tegrital 200mg&&&Tablets&&&Novartis
Tegrital 400mg&&&Tablets&&&Novartis
Librium 10mg&&&Tablets&&&Piramal Healthcare
Flunarin 5mg&&&Tablets&&&FDC
Daonil 5mg&&&Tablets&&&Aventis
Migon 10mg&&&Tablets&&&Cadilla
Gluformin 500mg&&&Tablets&&&Abbott
Glimestar 1mg &&&Tablets&&&Discovery Mankind
Glimestar PM 1 500mg&&&Tablets&&&Discovery Mankind
Glyciphage 0.5mg&&&Tablets&&&Franco Indian
Eltroxin 50mg&&&Tablets&&&GSK
Trental 400mg&&&Tablets&&&Aventis
Lasix 40mg&&&Tablets&&&Aventis
Ciplar 10mg&&&Tablets&&&Cipla
Myonit SR 2.6mg&&&Tablets&&&Troikaa
Lipikind 10mg&&&Tablets&&&Mankind Pharma
Gluconorm G2 &&&Tablets&&&Lupin
Lasilactone 50mg&&&Tablets&&&Aventis
Epsolin 100mg&&&Tablets&&&Zydus Cadilla
Tryptomer 10mg&&&Tablets&&&Wockhardt
Lanoxin 0.25&&&Tablets&&&GSK
Calaptin 40mg&&&Tablets&&&Abbott
Librax 5mg&&&Tablets&&&Piramal Healthcare
Diamox 0.25mg&&&Tablets&&&x
Losar  A 50mg&&&Tablets&&&Unichem 
Ebast 10mg&&&Tablets&&&Micro
Amlopres 80mg&&&Tablets&&&Cipla
Amlopres 5mg&&&Tablets&&&Cipla
Ecosprin 150mg &&&Tablets&&&USV
Ecosprin AV 150mg&&&Capsules&&&USV
Sorbitrate 10mg&&&Tablets&&&Piramal Healthcare
Sorbitrate 5mg&&&Tablets&&&Piramal Healthcare
Olmesar 20mg&&&Tablets&&&Macleods
Olmex 20mg&&&Tablets&&&Glenmark
Masart H&&&Tablets&&&Macleods
Amlovas M 5 50mg  &&&Tablets&&&Macleods
Macsart 40mg&&&Tablets&&&Macleods
Cardace 5mg&&&Tablets&&&Aventis
Asthalin 2mg&&&Tablets&&&Cipla
Amlovas H&&&Tablets&&&Macleods
Monotrate 10mg&&&Tablets&&&Sun Pharma
Amlokind L&&&Tablets&&&Mankind Pharma
Amlokind AT&&&Tablets&&&Mankind Pharma
Amlokind 5mg&&&Tablets&&&Mankind Pharma
Omnitan H&&&Tablets&&&Macleods
Envas 2.5mg&&&Tablets&&&Cadilla
Envas 5mg&&&Tablets&&&Cadilla
Amdepin AT&&&Tablets&&&Cadilla
Trika 0.25mg&&&Tablets&&&Unichem 
Nindra 0.25mg &&&Tablets&&&German Remedies
Alpranet &&&Tablets&&&Bennet
Clonafit 0.5MD&&&Tablets&&&Mankind Pharma
Clonafit 0.25MD&&&Tablets&&&Mankind Pharma
S Vocita 10mg&&&Tablets&&&Shine
Etizola 0.25mg&&&Tablets&&&Macleods
Etizola 0.5mg&&&Tablets&&&Macleods
S Vocita 5mg&&&Tablets&&&Shine
Gudpres XL 50&&&Tablets&&&Mankind Pharma
Solopose 0.5mg&&&Tablets&&&Mankind Pharma
Placida &&&Tablets&&&Mankind Pharma
Somafresh &&&Tablets&&&Discovery Mankind
Zepose 10mg&&&Tablets&&&Cipla
Avil 25mg&&&Tablets&&&Aventis
Medrol 16mg&&&Tablets&&&Pfizer
Wysolone 5mg&&&Tablets&&&Wyeth
CTZ &&&Tablets&&&Syncom
Airmont LC&&&Tablets&&&Leo Life
Levocet 5mg&&&Tablets&&&Hetro Healthcare
Lecope M&&&Tablets&&&Mankind Pharma
Cope&&&Tablets&&&Mankind Pharma
Rid AR&&&Tablets&&&Cipla
Monti FX&&&Tablets&&&Abbott
Dexona &&&Tablets&&&Zydus Cadilla
Ciplox 500mg&&&Tablets&&&Cipla
Ciplox TZ &&&Tablets&&&Cipla
Norflox TZ&&&Tablets&&&Cipla
Ciplox 250mg&&&Tablets&&&Cipla
Norflox 400mg&&&Tablets&&&Cipla
Hifen CV 200mg&&&Tablets&&&Hetro Healthcare
Novamox 250DT&&&Tablets&&&Cipla
Zenflox UTI&&&Tablets&&&Mankind Pharma
Mahacef 200mg&&&Tablets&&&Discovery Mankind
Novamox 125DT&&&Tablets&&&Cipla
Gatikind 400mg&&&Tablets&&&Mankind Pharma
Sperg &&&Tablets&&&Ortin
Phexin 125mg&&&Tablets&&&GSK
Odoxil 500mg&&&Tablets&&&Lupin
Cefastar 500&&&Capsules&&&Discovery Mankind
Cefi O 200&&&Tablets&&&Abbott
Zoxan 250&&&Tablets&&&FDC
Phexin 500mg&&&Capsules&&&GSK
Mahacef Plus&&&Tablets&&&Mankind Pharma
Symbiotik XL 625&&&Tablets&&&Cadilla
Oflomac 300&&&Tablets&&&Macleods
Vicon 500&&&Tablets&&&Wyeth
Zenflox OZ&&&Tablets&&&Mankind Pharma
Livbest 500&&&Tablets&&&Abbott
Augmentin 625 Duo&&&Tablets&&&GSK
Qulef 500&&&Tablets&&&Hetro Healthcare
Azimax 500&&&Tablets&&&Cipla
MPX CV 625&&&Tablets&&&Hetro Healthcare
Balofox 100&&&Tablets&&&Piramal Healthcare
Megamox 625&&&Tablets&&&Abbott
Omnix 200 DT&&&Tablets&&&Cipla
Zenflox 200&&&Tablets&&&Mankind Pharma
Mexef 250 DT&&&Tablets&&&Abbott
Mexef 500 DT&&&Tablets&&&Abbott
Hifen 100 DT&&&Tablets&&&Hetro Healthcare
Hifen 50 DT&&&Tablets&&&Hetro Healthcare
Hifen 200 DT&&&Tablets&&&Hetro Healthcare
CDCV 250 DT&&&Tablets&&&Hetro Healthcare
CDCV 500 DT&&&Tablets&&&Hetro Healthcare
Meftal MR&&&Tablets&&&Bluecross
Lysoflam MR&&&Tablets&&&Cachet
Sistal Forte &&&Tablets&&&Salute
Lysoflam &&&Tablets&&&Cachet
Meftal Forte &&&Tablets&&&Bluecross
Topac SP&&&Tablets&&&Piramal Healthcare
Dolofase MX&&&Tablets&&&Curewell
Dolonex DT&&&Tablets&&&Pfizer
Meftal P&&&Tablets&&&Bluecross
Dolokind SR&&&Tablets&&&Discovery Mankind
Grenil&&&Tablets&&&Karnataka
Lornoxi 8mg&&&Tablets&&&Hetro Healthcare
Flexon MR&&&Tablets&&&Aristo Pharmaceuticals
Nise &&&Tablets&&&Dr Reddys Laboratory
Dolokind &&&Tablets&&&Discovery Mankind
Flexon &&&Tablets&&&Aristo Pharmaceuticals
Combiflam &&&Tablets&&&Aventis
Pacimol 500&&&Tablets&&&Ipca
Lanol ER 650&&&Tablets&&&Hetro Healthcare
Crocin&&&Tablets&&&GSK
Hepamol&&&Tablets&&&Proctor
Vetory SP&&&Tablets&&&Hetro Healthcare
Parafast 500&&&Tablets&&&Cipla
Ultracet &&&Tablets&&&Johnson and Johnson
Indocap SR&&&Tablets&&&Jagsonpal
Fepanil 650&&&Tablets&&&Veritaz
Cipzen Forte &&&Tablets&&&Cipla
Ibugesic Plus &&&Tablets&&&Okasa
T 98 500mg&&&Tablets&&&Mankind Pharma
Nicip Plus &&&Tablets&&&Cipla
Fitjoint GM&&&Tablets&&&Emcure
Nivaquine P &&&Tablets&&&Piramal Healthcare
Leoquin 500 EC&&&Tablets&&&Leo Life
Lumex Forte&&&Tablets&&&Leo Life
Leoquin 250&&&Tablets&&&Leo Life
Nobel 100mg&&&Tablets&&&Mankind Pharma
Enteromycetin Caplets 500&&&Tablets&&&Deys
Paraxin 250mg&&&Tablets&&&Piramal Healthcare
Paraxin 500mg&&&Capsules&&&Piramal Healthcare
Ultratab &&&Tablets&&&Helios
Rofuspor 500&&&Tablets&&&Merril
Rumastal Forte&&&Tablets&&&Gufic
Malid 300&&&Capsules&&&Mancure
Prado&&&Tablets&&&H & Care
Myotop 150&&&Tablets&&&Zuventus
Bocomo &&&Capsules&&&Gufic
Enzomac&&&Tablets&&&Macleods
Emvital &&&Capsules&&&Medicare 
Nucart OA&&&Tablets&&&Gufic
Rockbon&&&Tablets&&&Abbott
Aelxim 200&&&Tablets&&&Allenge India
Rical&&&Tablets&&&Merril
Sazo 500&&&Tablets&&&Wallace 
Acepar S&&&Tablets&&&Allenge India
Kalsoline XP Sachet&&&Powders&&&Medley
Supamove 4mg&&&Capsules&&&Dr Reddys Laboratory
Supamove 8mg&&&Capsules&&&Dr Reddys Laboratory
Clid VL&&&Tablets&&&Bennet
Metrogyl 400mg&&&Tablets&&&J B Chemicals 
Flagyl 200mg&&&Tablets&&&Abbott
M2 Tone&&&Tablets&&&Charak
Nutrolin B Plus&&&Capsules&&&Cipla
Dependal M&&&Tablets&&&GSK
Tiniba 500&&&Tablets&&&Zydus Cadilla
Zinetac 300mg&&&Tablets&&&GSK
Zinetac 150mg&&&Tablets&&&GSK
Polypod CV 200&&&Tablets&&&Macleods
Flora B C &&&Capsules&&&Discovery Mankind
Enuff 10 DT&&&Tablets&&&Hetro Healthcare
Enuff 30 DT&&&Tablets&&&Hetro Healthcare
Enuff 30 DT Sachet&&&Powders&&&Hetro Healthcare
Enuff 10 DT Sachet&&&Powders&&&Hetro Healthcare
Sporlac Powder&&&Powders&&&Sangyo
Entrofuran M&&&Capsules&&&Deys
Flatunex &&&Tablets&&&Genex
Ortilac &&&Tablets&&&Ortin
Esoga RD&&&Capsules&&&Abbott
Aciloc 300&&&Tablets&&&Cadilla
Aciloc 150&&&Tablets&&&Cadilla
Gastica FIZ&&&Tablets&&&Mankind Pharma
Aciloc RD&&&Tablets&&&Cadilla
Nilcid &&&Capsules&&&Ortin
Radar D&&&Tablets&&&Q Med
Rabekind Plus&&&Tablets&&&Mankind Pharma
Nupenta &&&Tablets&&&Macleods
Locker DSR&&&Tablets&&&Leo Life
Rabekind 20&&&Tablets&&&Mankind Pharma
Aciblock DSR&&&Tablets&&&SRF
Supradyn&&&Tablets&&&Bayer
Becozym C Forte&&&Tablets&&&Bayer
Neurobion Forte&&&Tablets&&&Merck
Mahagaba M 75&&&Capsules&&&Mankind Pharma
Avitin 7&&&Tablets&&&UniMarck
Rabesam DSR&&&Capsules&&&Growsam Pharma
Diabetone A&&&Capsules&&&Meyer Vitabiotics
Nurokind G&&&Tablets&&&Discovery Mankind
Caladd 500&&&Tablets&&&Theta Labs Ltd
Kutub 30&&&Tablets&&&Hetro Healthcare
A to Z Gold NS&&&Capsules&&&Alkem
Nurokind OD&&&Tablets&&&Mankind Pharma
Met Neurobion&&&Capsules&&&Merck
Evion LC&&&Tablets&&&Merck
Evin 400&&&Capsules&&&Intas
Limcee&&&Tablets&&&Abbott
Vitamin A Chewable&&&Tablets&&&Piramal Healthcare
Flabone&&&Capsules&&&Gufic
Livogen XT&&&Tablets&&&Merck
Cobadex CZS&&&Tablets&&&GSK
Livogen Z&&&Capsules&&&Merck
Livogen&&&Capsules&&&Merck
Mosiba &&&Tablets&&&Bennet
Rebagen&&&Tablets&&&Macleods
Folvite&&&Tablets&&&Wyeth
Plips&&&Tablets&&&Theta Labs Ltd
Foltop&&&Tablets&&&Theta Labs Ltd
Oraflora&&&Tablets&&&McW 
Alpha D3 0.5 mcg&&&Capsules&&&GSK
Infen MR&&&Tablets&&&Emcure
Dynapar&&&Tablets&&&Trikaa
HCQS 400&&&Tablets&&&Ipca
Kutub 30 X&&&Tablets&&&Hetro Healthcare
Bidanzen Forte&&&Tablets&&&GSK
Infen P&&&Tablets&&&Emcure
Myospaz Forte&&&Tablets&&&Win Medicare
Osteofos 70&&&Tablets&&&Cipla
Osteofos 35&&&Tablets&&&Cipla
Dapsone&&&Tablets&&&GSK
Confido&&&Tablets&&&Himalaya
Pilex&&&Tablets&&&Himalaya
Liv 52 DS&&&Tablets&&&Himalaya
Mentat&&&Tablets&&&Himalaya
Cystone&&&Tablets&&&Himalaya
Liv 52&&&Tablets&&&Himalaya
Gasex &&&Tablets&&&Himalaya
Styplon&&&Tablets&&&Himalaya
Becadexamin&&&Capsules&&&GSK
Neo&&&Tablets&&&Charak
Union&&&Capsules&&&Aeran
Aquasol A&&&Capsules&&&USV
Hansepran 100&&&Capsules&&&Abbott
HiOra Mouthwash&&&Misc.&&&Himalaya
Thermokind Mouthwash&&&Misc.&&&Mankind Pharma
GRD Powder&&&Powders&&&Zydus Cadilla
Cerelac Stage 1&&&Powders&&&Nestle
Cerelac Stage 2&&&Powders&&&Nestle
Cerelac Stage 3&&&Powders&&&Nestle
Nourishing Baby Oil&&&Misc.&&&Himalaya
Anti Dandruff Shampoo&&&Misc.&&&Himalaya
Suvarna Hair Vitaliser&&&Misc.&&&Ban 
Johnson Baby Powder&&&Misc.&&&Johnson and Johnson
Johnson Baby Oil 50ml&&&Misc.&&&Johnson and Johnson
Himalaya Baby Powder 100gm&&&Misc.&&&Himalaya
Selsun&&&Misc.&&&Pfizer
Wikoryl&&&Tablets&&&Alembic
Stemetil MD&&&Tablets&&&Abbott
Trustyl Cold&&&Tablets&&&Abbott
Cosome&&&Tablets&&&Merck
Hatric 3&&&Tablets&&&Aristo Pharmaceuticals
Oxzim Plus&&&Tablets&&&Shine
Pregnidoxin&&&Tablets&&&UCV India
Maintane&&&Tablets&&&Jagsonpal
Domperon 10&&&Tablets&&&Cadilla
Vertidom&&&Tablets&&&Geno
Vomikind MD 2mg&&&Tablets&&&Mankind Pharma
Vomikind MD 4mg&&&Tablets&&&Mankind Pharma
Volapride 25&&&Tablets&&&Mankind Pharma
Emikind MD&&&Tablets&&&Discovery Mankind
Vertistar MD 8&&&Tablets&&&Mankind Pharma
Vertistar MD 16&&&Tablets&&&Mankind Pharma
Becosules &&&Capsules&&&Pfizer
Prostina Caps.&&&Capsules&&&Deys
Bandy&&&Tablets&&&Mankind Pharma
Forcan 150&&&Tablets&&&Cipla
Fertyl&&&Tablets&&&Arex
Genvo Plus&&&Capsules&&&Cadilla
Ranispas &&&Tablets&&&Mankind Pharma
Clomin&&&Tablets&&&Abaris
Meftal Spas&&&Tablets&&&Bluecross
Cadisper C&&&Tablets&&&Cadilla
Tentex Forte &&&Tablets&&&Himalaya
Duvadilan&&&Tablets&&&Solvay
Semento&&&Capsules&&&Aimil
Mycurit 4&&&Tablets&&&Cadilla
Calcurosin&&&Capsules&&&Ban 
Deriphyllin Retard 150&&&Tablets&&&Zydus
Deriphyllin &&&Tablets&&&Zydus
Deriphyllin Retard 300&&&Tablets&&&Zydus
Mycobutol 400&&&Tablets&&&Cadilla
Myconex 800&&&Tablets&&&Cadilla
PZA CIBA 500mg&&&Tablets&&&Sandoz
AKT 4&&&Tablets&&&Lupin
P Zide 750&&&Tablets&&&Cadilla
P Zide 500&&&Tablets&&&Cadilla
Mycobutol 800&&&Tablets&&&Cadilla
Rifa i6 Kid&&&Tablets&&&Globe
Rifa i6 Kid Forte&&&Tablets&&&Globe
R Cin 600&&&Capsules&&&Lupin
R Cinex 450&&&Capsules&&&Lupin
Caladryl Lotion 50ml&&&Misc.&&&Johnson and Johnson
Candid Powder 100gm&&&Misc.&&&Glenmark
Mycoderm Powder 100gm&&&Misc.&&&FDC
Neosporin &&&Misc.&&&GSK
Clin 3&&&Soap&&&UniMarck
N Bact&&&Soap&&&Onus
Perscab&&&Soap&&&Onus
Ketostar&&&Soap&&&Lifestar 
Dermec&&&Soap&&&McW 
Acnestar 2.5&&&Soap&&&Lifestar 
Vivogesic Gel 30gm&&&Ointment&&&Bestochem
Infen Gel 30gm&&&Ointment&&&Emcure
Nobel Gel 10gm&&&Ointment&&&Discovery Mankind
Cipladine 20gm&&&Ointment&&&Cipla
Terbiforce Plus 15gm&&&Ointment&&&Discovery Mankind
Ocuvir 5gm&&&Ointment&&&FDC
Imidil 15gm&&&Ointment&&&Hetro Healthcare
Candid 15gm&&&Ointment&&&Glenmark
Dipsalic F 20gm&&&Ointment&&&Schering Plough
Lyramycin 15gm&&&Ointment&&&Hetro Healthcare
Pilex 30gm&&&Ointment&&&Himalaya
Neosporin Skin Ointment 20gm&&&Ointment&&&GSK
Sofradex Cream 20gm&&&Ointment&&&Aventis
Nizral Cream 15gm&&&Ointment&&&Johnson and Johnson
Lobate GM Neo 15gm&&&Ointment&&&Abbott
Daktarin Gel 20gm&&&Ointment&&&Johnson and Johnson
Smuth Cream 30gm &&&Ointment&&&Aristo Pharmaceuticals
Xylocaine 2perc Jelly 30gm&&&Ointment&&&AstraZeneca
Azecne Gel 20gm&&&Ointment&&&Medley
Melanorm MS 15gm&&&Ointment&&&UniMarck
Melanorm HC 15gm&&&Ointment&&&UniMarck
Acnestar Gel 15gm&&&Ointment&&&Lifestar 
Erytop Gel 20gm&&&Ointment&&&USV
HiOra K Tootpaste 50gm&&&Ointment&&&Himalaya
HiOra Shine Tootpaste 50gm&&&Ointment&&&Himalaya
Digene &&&Tablets&&&Abbott
Disprin&&&Tablets&&&Reckitt Banckiser
Rumalaya Liniment 60ml&&&Ointment&&&Himalaya
Sumag Cream 75gm&&&Ointment&&&Hind
Liquid Parafin &&&Ointment&&&x
Wrist Binder Viccas&&&Surgicals&&&Viccas
Tennis Elbow Support Medium Viccas&&&Surgicals&&&Viccas
Thumb Spical Splint Vissco&&&Surgicals&&&Vissco
Silicon Heel Cushion Sprolix&&&Surgicals&&&Sprolix
Cotton Crepe Bandage 4in Indus&&&Surgicals&&&Indus
Cotton Crepe Bandage 4in Acme&&&Surgicals&&&Acme
Cotton Crepe Bandage 6in Acme&&&Surgicals&&&Acme
Leukoband 1m BSN&&&Surgicals&&&BSN
Elastocrepe 6cm x 4m BSN&&&Surgicals&&&BSN
Elastocrepe 10cm x 4m BSN&&&Surgicals&&&BSN
Elplast Bandage 10cm x 6m&&&Surgicals&&&Elder
Soft Cervical Collar Medium Viccas&&&Surgicals&&&Viccas
Meek Clavicle Brace L Viccas&&&Surgicals&&&Viccas
Meek Clavicle Brace M Viccas&&&Surgicals&&&Viccas
Meek Clavicle Brace S Viccas&&&Surgicals&&&Viccas
Meek Clavicle Brace Child Vissco&&&Surgicals&&&Vissco
Arm Sling Pouch M Viccas&&&Surgicals&&&Viccas
Arm Sling Pouch S Viccas&&&Surgicals&&&Viccas
Universal Shoulder Immobilizer 30 Viccas&&&Surgicals&&&Viccas
Universal Shoulder Immobilizer 36 Viccas&&&Surgicals&&&Viccas
Universal Shoulder Immobilizer 38 Viccas&&&Surgicals&&&Viccas
Universal Shoulder Immobilizer 34 Viccas&&&Surgicals&&&Viccas
Sacro Lumbar Belt 32 Viccas&&&Surgicals&&&Viccas
Sacro Lumbar Belt 28 Viccas&&&Surgicals&&&Viccas
Sacro Lumbar Belt 30 Viccas&&&Surgicals&&&Viccas
Sacro Lumbar Belt 34 Viccas&&&Surgicals&&&Viccas
Sacro Lumbar Belt 36 Viccas&&&Surgicals&&&Viccas
Sacro Lumbar Belt 40 Cavery&&&Surgicals&&&Cavery
Rib Support 40 Viccas&&&Surgicals&&&Viccas
Rib Support 36 Viccas&&&Surgicals&&&Viccas
Rib Support 28 Shruti&&&Surgicals&&&Shruti
Cifbax DX 10ml&&&Drops&&&Searle
Sinarest Nasal Drops 10ml&&&Drops&&&Centaur
Johnson Baby Soap 75gm&&&Soap&&&Johnson and Johnson
Himalaya Baby Soap 70gm&&&Soap&&&Himalaya
CMC Eye Drop 10ml&&&Drops&&&Jawa
MFC Eye Drop 5ml&&&Drops&&&Jawa
Opticure Eye Drop 10ml&&&Drops&&&Jawa
Norflox Eye/Ear Drop 10ml&&&Drops&&&Cipla
Ciplox D Eye/Ear Drop 10ml&&&Drops&&&Cipla
Ciplox Eye/Ear Drop 5ml&&&Drops&&&Cipla
Zenflox D Eye/Ear Drop 5ml&&&Drops&&&Mankind Pharma
Zenflox Eye/Ear Drop 10ml&&&Drops&&&Mankind Pharma
Opthacare Eye Drop 10ml&&&Drops&&&Himalaya
Gatikind Eye Drop 5ml&&&Drops&&&Lifestar 
Sofracort Eye/Ear Drop 5ml&&&Drops&&&Aventis
Clearwax Ear Drop 10ml&&&Drops&&&Cipla
Ofodol Ear Drop 5ml&&&Drops&&&Cadilla
Zoxan Eye Ointment 5gm&&&Ointment&&&FDC
Neosporin Antibiotic Ointment 5gm&&&Ointment&&&GSK
Neosporin H Antibiotic Ointment 5gm&&&Ointment&&&GSK
Karpin Lotion 50ml&&&Drops&&&Deys
Vaseline 42gm&&&Misc.&&&HUL
Asthalin Inhaler 200 dose&&&Misc.&&&Cipla
Asthalin Respirator Solution 15ml&&&Misc.&&&Cipla
Vicks Vaporub 25gm&&&Misc.&&&P&G
Vicks Inhaler 0.5ml&&&Misc.&&&P&G
Boric Acid IP 20gm Bhandari &&&Powders&&&Bhandari
Dettol Soap 70gm&&&Soap&&&Reckitt Banckiser
Ora Sore Gel 10gm&&&Ointment&&&Wings
Zandu balm 9ml&&&Ointment&&&Emami
Iodex 10gm&&&Ointment&&&Makson
Cetraben Emolient Cream 50gm&&&Ointment&&&Hetro Healthcare
Oraflora gel 10ml&&&Ointment&&&McW 
Johnson Ear Buds&&&Misc.&&&Johnson and Johnson
Dettol 60ml&&&Misc.&&&Vita
Solacid Suspension 170ml&&&Syrups&&&Deys
Rejoint Tablets&&&Tablets&&&Abbott
Inj. Calmpose 2ml&&&Injection&&&Ranbaxy
Inj. Lasix 2ml&&&Injection&&&Aventis
Inj. Lariago 2ml&&&Injection&&&Ipca
Inj. Avil 2ml&&&Injection&&&Aventis
Inj. Dexona 2ml&&&Injection&&&Zydus Cadilla
Inj. Adrenaline 1ml&&&Injection&&&Regain
Inj. Depo Medrol &&&Injection&&&Pfizer
Inj. Ivimicin&&&Injection&&&FDC
Inj. Arachitol 6l&&&Injection&&&Solvay
Inj. Ipravent Respules 2ml&&&Injection&&&Cipla
Inj. Asthalin Respules 2.5ml&&&Injection&&&Cipla
Inj. Budecort 0.5mg&&&Injection&&&Cipla
Inj. Deriphyllin 2ml&&&Injection&&&German Remedies
Inj. Reglan 2ml&&&Injection&&&Cosme
Inj. Ranbiotic 2ml&&&Injection&&&Ranbaxy
Inj. Ivimicin 100&&&Injection&&&FDC
Inj. R Loc 2ml&&&Injection&&&Zydus Alidac
Inj. Xylocaine 2perc 30ml&&&Injection&&&AstraZeneca
Inj. Atropine Sulphate&&&Injection&&&Rathi
Inj. Voveran 3ml&&&Injection&&&Novartis
Inj. Lycortin S 100mg&&&Injection&&&Hetro Healthcare
Inj. Xylonumb 2perc 30ml&&&Injection&&&Mankind Pharma
Inj. Maintane 250 1ml&&&Injection&&&Jagsonpal
Inj. DNS 500ml&&&Injection&&&Nirlife 
Inj. NS 100ml &&&Injection&&&Nirlife 
Inj. 20M 100ml&&&Injection&&&Nirlife 
Inj. RL 500ml &&&Injection&&&Marck
Inj. D5 500ml&&&Injection&&&Marck
Betadine Solution 100ml&&&Misc.&&&Win Medicare
Cuticell C &&&Surgicals&&&Adeshwar
Cuticell C Pouch&&&Surgicals&&&Adeshwar
Cuticell Classic 10cm x 10cm&&&Surgicals&&&Adeshwar
Cutisorb 10cm x 10cm&&&Surgicals&&&Adeshwar
Cutisorb Eye Pad&&&Surgicals&&&Adeshwar
Cutisorb 10cm x 20cm&&&Surgicals&&&Adeshwar
Jelonet 10cm x 10cm&&&Surgicals&&&Smith and Nephew
Gypsona 4inch&&&Surgicals&&&Adeshwar
Gypsona 6inch&&&Surgicals&&&Adeshwar
Romo 10 Urine Collection Bag&&&Surgicals&&&Raj Vijay
Romolene Feeding Tube&&&Surgicals&&&Romsons
Foley Balloon Catheter SH 1072&&&Surgicals&&&Romsons
Feedy 2mm&&&Surgicals&&&Romsons
Rusch Sterile &&&Surgicals&&&Willy Rusch
Feedy 1.70mm&&&Surgicals&&&Romsons
Cotton Bandage 4inch&&&Surgicals&&&x
Cotton Bandage 3inch&&&Surgicals&&&x
Cotton Bandage 6inch&&&Surgicals&&&x
Cotton Bandage 2inch&&&Surgicals&&&x
Dispovan Needle No. 24&&&Surgicals&&&Hindustan
Medicare Spirit &&&Surgicals&&&Unique Labs
Hydrogen Peroxide&&&Surgicals&&&Unique Labs
Inflow SS 3085&&&Surgicals&&&Romsons
Hospipore Paper Tape 1inch&&&Surgicals&&&Saify
Hospipore Paper Tape 0.5inch&&&Surgicals&&&Saify
Decorn Corn Caps&&&Surgicals&&&Amrutanjan
Dispovan Needle No. 16&&&Surgicals&&&Hindustan
Absorbent Cotton 50gm&&&Surgicals&&&Venkatesh
Absorbent Cotton 100gm&&&Surgicals&&&Venkatesh
Absorbent Cotton 20gm&&&Surgicals&&&Venkatesh
Surigcare Surgical Gloves 7.5inch&&&Surgicals&&&Kanam
Doctor Care Surgical Gloves 7.5inch&&&Surgicals&&&Venus
Soffban 6inch&&&Surgicals&&&BSN
Sofwrap 6inch&&&Surgicals&&&Goldwin
Disposable Glove Medium&&&Surgicals&&&Unisurge
Dispovan Syringes 5ml&&&Surgicals&&&Hindustan
Dispovan Syringes 2ml&&&Surgicals&&&Hindustan
Dispovan Syringes 10ml&&&Surgicals&&&Hindustan
E2 Powder 105gm&&&Powders&&&Arch
Glucort Z 105gm&&&Powders&&&Growsam Pharma
Electrokind 21.5gm&&&Powders&&&Mankind Pharma
Electral Powder 21.80gm&&&Powders&&&FDC
Complan 500gm&&&Powders&&&Heinz
Bournvita Cadbury 200gm&&&Powders&&&Cadbury
Complan 200gm&&&Powders&&&Heinz
Dabur Chyawanprash 500gm&&&Misc.&&&Dabur
Dabur Chyawanprash 1000gm&&&Misc.&&&Dabur
Shankha Pushpi 200ml&&&Syrups&&&Baidhyanath
Complan Sachet 15gm&&&Powders&&&Heinz
Gulabari 120ml&&&Misc.&&&Dabur
Laxive Powder 100gm&&&Powders&&&Gufic
Eno Sachet 5gm&&&Powders&&&GSK
Tobastar Eye/Ear Drop 5ml&&&Drops&&&Lifestar 
Becosules 120ml&&&Syrups&&&Pfizer
Hovite RB 120ml&&&Syrups&&&Raptakor Co. Ltd
Belano EZ 200ml&&&Syrups&&&Bestochem
Calpol 60ml&&&Syrups&&&GSK
Iodex 5gm&&&Ointment&&&GSK
Inj. Zenflox 100ml&&&Injection&&&Mankind Pharma
Nasdex Drops 10ml&&&Drops&&&Austere Life Sciences
Vicks Vaporub 10gm&&&Ointment&&&P&G
Vicks Vaporub 5gm&&&Ointment&&&P&G
Sumol 250 DS 60ml&&&Syrups&&&Alkem
Dentiflak Oral Rinse&&&Misc.&&&Femident
Cefoprox Dry Syrup 50 30ml&&&Syrups&&&Cipla
Phexin DS 30ml&&&Syrups&&&GSK
Leoquin 125 60ml&&&Syrups&&&Leo Life
Rib Support 32 Viccas&&&Surgicals&&&Viccas
Rib Support 34 Viccas&&&Surgicals&&&Viccas
Rib Support 30 Viccas&&&Surgicals&&&Viccas
Enuff 10 Sachet&&&Powders&&&Hetro Healthcare
FcF Z&&&Tablets&&&Arex
Scabigard 100ml Lotion&&&Ointment&&&Abbott
Tegrital 100mg&&&Tablets&&&Novartis
Hifen 200 Plus&&&Tablets&&&Hetro Healthcare
Megamox CV 625&&&Tablets&&&Abbott
Nicort 4mg&&&Tablets&&&Abbott
FAS 3 Kit&&&Tablets&&&Hetro Healthcare
Drep Ear Drop 5ml&&&Drops&&&DWD
Retherma 250mg 60ml &&&Syrups&&&Maneesh
Vomistop&&&Tablets&&&Cipla
Myospaz &&&Tablets&&&Win Medicare
Risorine Kit&&&Tablets&&&Lupin
Neeri&&&Tablets&&&Aimil
Aciban DSR&&&Capsules&&&Cadilla
Acniflam &&&Tablets&&&Adepto
Sofwrap 4inch&&&Surgicals&&&Goldwin
Curesoft Cast Padding&&&Surgicals&&&Medicure
Micropore Surgical Tape 1inch&&&Surgicals&&&3M
Hospipore Paper Tape 3inch&&&Surgicals&&&Saify
Calcirol sacht&&&Powders&&&Cadilla
Surgipad 10 x 10cm Johnson&&&Surgicals&&&Johnson and Johnson
Inj. Ivimicin 500 2ml&&&Injection&&&FDC
Inj. Vaxirab &&&Injection&&&Zydus Alidac
Inj. Tetanus 0.5ml&&&Injection&&&Bett
Himalaya Anti Dand. Shampoo&&&Misc.&&&Himalaya
Prosteez&&&Tablets&&&Charak
Mazoderm V&&&Tablets&&&Sandoz
Surfaz Vaginal Tablets&&&Tablets&&&Franco Indian
V Gel&&&Ointment&&&Himalaya
Imidil C&&&Tablets&&&Hetro Healthcare
Pentids&&&Tablets&&&Abbott
Ondamac MD&&&Tablets&&&Macleods
Dieclo Gel&&&Ointment&&&Hamax
Olmesar H 20gm&&&Tablets&&&Macleods
Lactonam&&&Tablets&&&Mankind Pharma
Mycobutol 600&&&Tablets&&&Cadilla
Johnson Baby Soap 30gm&&&Soap&&&Johnson and Johnson
Glucon D 100gm&&&Powders&&&Heinz
Nivaquine P 250mg&&&Tablets&&&Abbott
