Raptakor Co. Ltd
Aegis Life Sciences
Meyer Vitabiotics
Cipla
Discovery Mankind
Merril
Theta Labs Ltd
Vyas
Alkem
Bestochem
Cosme
Abbott
Growsam Pharma
Universal Pharmaceuticals
Pfizer
Merck
Femident
FDS
Dr Reddys Laboratory
Wardex Pharma
Aristo Pharmaceuticals
GSK
Himalaya
Strassenburg
Leo Life
Mankind Pharma
M C W Healthcare
J B Chemicals 
Wallace 
Group Pharma
Bluecross
Aimil
Charak
Lifestar 
Raptakose Brett & Co.
GENX
Alembic
Hetro Healthcare
Invida 
Sandoz
Lupin
BE
Morepan Lab
Cadilla
Jugat Pharma 
Austere Life Sciences
Medmanor Organic 
Meditek
Zydus Cadilla
Novartis
Piramal Healthcare
FDC
Aventis
Franco Indian
Troikaa
Wockhardt
x
Unichem 
Micro
USV
Macleods
Glenmark
Sun Pharma
German Remedies
Bennet
Shine
Wyeth
Syncom
Ortin
Cachet
Salute
Curewell
Karnataka
Ipca
Proctor
Johnson and Johnson
Jagsonpal
Veritaz
Okasa
Emcure
Deys
Helios
Gufic
Mancure
H & Care
Zuventus
Medicare 
Allenge India
Medley
Sangyo
Genex
Q Med
SRF
Bayer
UniMarck
Intas
McW 
Trikaa
Win Medicare
Aeran
Nestle
Ban 
UCV India
Geno
Arex
Abaris
Solvay
Zydus
Globe
Onus
Schering Plough
AstraZeneca
Reckitt Banckiser
Hind
Viccas
Vissco
Sprolix
Indus
Acme
BSN
Elder
Cavery
Shruti
Searle
Centaur
Jawa
HUL
P&G
Bhandari
Wings
Emami
Makson
Vita
Ranbaxy
Regain
Zydus Alidac
Rathi
Nirlife 
Marck
Adeshwar
Smith and Nephew
Raj Vijay
Romsons
Willy Rusch
Hindustan
Unique Labs
Saify
Amrutanjan
Venkatesh
Kanam
Venus
Goldwin
Unisurge
Arch
Heinz
Cadbury
Dabur
Baidhyanath
DWD
Maneesh
Adepto
Medicure
3M
Bett
Hamax
